<?xml version="1.0" encoding="UTF-8"?>
<!-- Generated by org.testng.reporters.JUnitReportReporter -->
<testsuite skipped="0" hostname="DESKTOP-O2DK7QJ" name="com.myStore.testCasses.TC_LoginTest_001" tests="1" failures="0" timestamp="2019-09-14T19:25:34 IDT" time="9.903" errors="0">
  <testcase name="loginTest" time="9.903" classname="com.myStore.testCasses.TC_LoginTest_001"/>
</testsuite> <!-- com.myStore.testCasses.TC_LoginTest_001 -->
